
	Solution from Scipy SLSQP:
	----------------------------------------------------------------------------------------------------
	Problem                  : lander
	Solver                   : scipy-slsqp
	Success                  : False
	Message                  : Positive directional derivative for linesearch
	Status                   : 8
	Total time               : 511.1667628288269
	Objective                : 2336842.9124450497
	Gradient norm            : 6143.548012311339
	Total function evals     : 463
	Total gradient evals     : 73
	Major iterations         : 77
	Total callbacks          : 1073
	Reused callbacks         : 0
	obj callbacks            : 463
	grad callbacks           : 73
	hess callbacks           : 0
	con callbacks            : 464
	jac callbacks            : 73
	Optimal variables        : [150.9367066  168.66560411 159.10324885 284.84383692 149.28530484
  87.08151416 151.03212404 234.88902423 146.23400482 116.94829994
 236.60595864 139.59584309  72.93181551 166.66798977 168.52133851
 153.62726749  28.5814047  193.59504467 147.58193095  21.00910463
  45.18258988 239.96974723  50.15166109  45.03776404]
	Optimal obj. gradient    : [1145.12659194 1279.63219004 1402.50546599 2161.05319618 1132.59773728
  767.62919983 1145.85050499 1782.05602781 1289.06224454  887.26335137
 1795.0820656  1230.54641799  539.30873899 1232.45942487 1246.1643788
 1136.02722388  211.35085178 1431.57685972 1091.32378677  155.35598077
  459.90274747 2442.59451178  510.4817318   458.42859996]
	----------------------------------------------------------------------------------------------------
