
	Solution from Scipy SLSQP:
	----------------------------------------------------------------------------------------------------
	Problem                  : lander
	Solver                   : scipy-slsqp
	Success                  : True
	Message                  : Optimization terminated successfully
	Status                   : 0
	Total time               : 0.017437458038330078
	Objective                : 189.58259479901994
	Gradient norm            : 426.96539002836346
	Total function evals     : 2
	Total gradient evals     : 2
	Major iterations         : 3
	Total callbacks          : 4
	Reused callbacks         : 0
	obj callbacks            : 2
	grad callbacks           : 2
	hess callbacks           : 0
	con callbacks            : 0
	jac callbacks            : 0
	Optimal variables        : [0.1 0.1 0.1 0.1 0.1 0.1 0.1 0.1 0.1 0.1 0.1 0.1 0.1 0.1 0.1 0.1 0.1 0.1
 0.1 0.1 0.1 0.1 0.1 0.1 0.1 0.1 0.1 0.1]
	Optimal obj. gradient    : [ 37.17531956  37.17531956 131.34446716  37.17531956  37.17531956
 131.34446716  37.17531956  37.17531956 131.34446716  37.17531956
  37.17531956 131.34446716  36.23401944  36.23401944  36.23401944
  36.23401944  36.23401944  36.23401944  36.23401944  36.23401944
 142.98974448 142.98974448 142.98974448 142.98974448  49.87592497
  49.87592497  49.87592497  49.87592497]
	----------------------------------------------------------------------------------------------------
