
	Solution from Scipy SLSQP:
	----------------------------------------------------------------------------------------------------
	Problem                  : lander
	Solver                   : scipy-slsqp
	Success                  : False
	Message                  : Iteration limit reached
	Status                   : 9
	Total time               : 472.42611837387085
	Objective                : 119562817.09359726
	Gradient norm            : 43301.44316282211
	Total function evals     : 540
	Total gradient evals     : 100
	Major iterations         : 100
	Total callbacks          : 1281
	Reused callbacks         : 0
	obj callbacks            : 540
	grad callbacks           : 100
	hess callbacks           : 0
	con callbacks            : 541
	jac callbacks            : 100
	Optimal variables        : [ 958.09766284 1641.63958381 1815.55295073 1589.38483277  484.42433342
  681.79304298 1073.22306673  903.1055471   445.37913086 2025.31061476
  811.20932972  719.92772026 1771.82913294 1021.21415675  863.66326404
 1100.17181502 1574.12719105 1582.39233405  449.58438207  837.25103175
  405.49954491  658.60419575  530.91345527  484.63041016]
	Optimal obj. gradient    : [ 7268.89526176 12454.79104593 16004.21710857 12058.34470549
  3675.23048899  6010.04992914  8142.32866555  6851.681083
  3926.04594814 15365.62638882  6154.48286929  6346.20958471
 13102.14107162  7551.57012455  6386.52887772  8135.43815003
 11640.19494791 11701.31318308  3324.5406614   6191.21840046
  4127.48262785  6703.77417365  5404.04074689  4932.93672947]
	----------------------------------------------------------------------------------------------------
