
	Solution from Scipy SLSQP:
	----------------------------------------------------------------------------------------------------
	Problem                  : lander
	Solver                   : scipy-slsqp
	Success                  : True
	Message                  : Optimization terminated successfully
	Status                   : 0
	Total time               : 4.751740455627441
	Objective                : 102.03198329260032
	Gradient norm            : 3.7933999547619903
	Total function evals     : 15
	Total gradient evals     : 13
	Major iterations         : 13
	Total callbacks          : 57
	Reused callbacks         : 0
	obj callbacks            : 15
	grad callbacks           : 13
	hess callbacks           : 0
	con callbacks            : 16
	jac callbacks            : 13
	Optimal variables        : [10.16158877  9.77554177  9.38414387  8.98710952  8.58408731  8.17464973
  7.75827942  7.33435503  6.90213608  6.4607311   6.00903285  5.54564292
  5.06883091  4.57649504  4.06592231  3.53309026  2.97202803  2.37350385
  1.72093859  1.        ]
	Optimal obj. gradient    : [0.84823002 0.84823002 0.84823002 0.84823002 0.84823002 0.84823002
 0.84823002 0.84823002 0.84823002 0.84823002 0.84823002 0.84823002
 0.84823002 0.84823002 0.84823002 0.84823002 0.84823002 0.84823002
 0.84823002 0.84823002]
	----------------------------------------------------------------------------------------------------
