
	Solution from Scipy SLSQP:
	----------------------------------------------------------------------------------------------------
	Problem                  : lander
	Solver                   : scipy-slsqp
	Success                  : True
	Message                  : Optimization terminated successfully
	Status                   : 0
	Total time               : 79.26244592666626
	Objective                : 91.03376017658789
	Gradient norm            : 39.95737003042057
	Total function evals     : 84
	Total gradient evals     : 38
	Major iterations         : 38
	Total callbacks          : 245
	Reused callbacks         : 0
	obj callbacks            : 84
	grad callbacks           : 38
	hess callbacks           : 0
	con callbacks            : 85
	jac callbacks            : 38
	Optimal variables        : [0.70168041 0.7016794  1.50185868 0.69937596 0.67235714 1.46485194
 0.8424284  0.84243008 1.56352097 0.67235586 0.6993733  1.46485341
 0.64036312 0.64036226 0.62620364 0.5976427  0.6332475  0.63324824
 0.59764129 0.62620342 1.07169545 1.07169309 1.08183658 1.08183667]
	Optimal obj. gradient    : [ 5.32350887  5.32350119 13.23898173  5.30602547  5.10103912 12.91276493
  6.3913357   6.39134843 13.78253883  5.10102935  5.30600527 12.91277785
  4.73529181  4.7352854   4.63058668  4.41938716  4.68267395  4.68267939
  4.41937678  4.63058511 10.90853103 10.90850699 11.01175514 11.01175601]
	----------------------------------------------------------------------------------------------------
