
	Solution from Scipy SLSQP:
	----------------------------------------------------------------------------------------------------
	Problem                  : lander
	Solver                   : scipy-slsqp
	Success                  : True
	Message                  : Optimization terminated successfully
	Status                   : 0
	Total time               : 0.015789031982421875
	Objective                : 1.895825947991617
	Gradient norm            : 4.269653900283606
	Total function evals     : 3
	Total gradient evals     : 3
	Major iterations         : 3
	Total callbacks          : 6
	Reused callbacks         : 0
	obj callbacks            : 3
	grad callbacks           : 3
	hess callbacks           : 0
	con callbacks            : 0
	jac callbacks            : 0
	Optimal variables        : [0.1 0.1 0.1 0.1 0.1 0.1 0.1 0.1 0.1 0.1 0.1 0.1 0.1 0.1 0.1 0.1 0.1 0.1
 0.1 0.1 0.1 0.1 0.1 0.1 0.1 0.1 0.1 0.1]
	Optimal obj. gradient    : [0.3717532  0.3717532  1.31344467 0.3717532  0.3717532  1.31344467
 0.3717532  0.3717532  1.31344467 0.3717532  0.3717532  1.31344467
 0.36234019 0.36234019 0.36234019 0.36234019 0.36234019 0.36234019
 0.36234019 0.36234019 1.42989744 1.42989744 1.42989744 1.42989744
 0.49875925 0.49875925 0.49875925 0.49875925]
	----------------------------------------------------------------------------------------------------
