
	Solution from Scipy SLSQP:
	----------------------------------------------------------------------------------------------------
	Problem                  : lander
	Solver                   : scipy-slsqp
	Success                  : True
	Message                  : Optimization terminated successfully
	Status                   : 0
	Total time               : 56.89306974411011
	Objective                : 2.050954486686504
	Gradient norm            : 6.012074447505279
	Total function evals     : 43
	Total gradient evals     : 24
	Major iterations         : 24
	Total callbacks          : 135
	Reused callbacks         : 0
	obj callbacks            : 43
	grad callbacks           : 24
	hess callbacks           : 0
	con callbacks            : 44
	jac callbacks            : 24
	Optimal variables        : [0.1        0.1        0.22218097 0.1        0.1        0.22296133
 0.1        0.1        0.22323216 0.1        0.1        0.22291864
 0.1        0.1        0.1        0.1        0.1        0.1
 0.1        0.1        0.16828525 0.16826328 0.16825647 0.16823603]
	Optimal obj. gradient    : [0.75867999 0.75867999 1.95848555 0.75867999 0.75867999 1.96552103
 0.75867999 0.75867999 1.96759724 0.75867999 0.75867999 1.96445863
 0.73946978 0.73946978 0.73946978 0.73946978 0.73946978 0.73946978
 0.73946978 0.73946978 1.71352973 1.71254655 1.71349217 1.71208107]
	----------------------------------------------------------------------------------------------------
