
	Solution from Scipy SLSQP:
	----------------------------------------------------------------------------------------------------
	Problem                  : lander
	Solver                   : scipy-slsqp
	Success                  : True
	Message                  : Optimization terminated successfully
	Status                   : 0
	Total time               : 102.91430902481079
	Objective                : 32.45656172184895
	Gradient norm            : 24.02448900688498
	Total function evals     : 96
	Total gradient evals     : 41
	Major iterations         : 41
	Total callbacks          : 275
	Reused callbacks         : 0
	obj callbacks            : 96
	grad callbacks           : 41
	hess callbacks           : 0
	con callbacks            : 97
	jac callbacks            : 41
	Optimal variables        : [0.36355349 0.36355099 0.92621068 0.36191273 0.35795812 0.92078496
 0.45535936 0.45535821 0.93610868 0.35803257 0.36194173 0.92079324
 0.33874761 0.33875147 0.33731964 0.32020031 0.3537492  0.35381527
 0.32021368 0.33732102 0.68192284 0.68193487 0.6788154  0.67880322]
	Optimal obj. gradient    : [2.75821855 2.75815059 8.16477653 2.74540866 2.71534411 8.11636621
 3.4546781  3.45466827 8.25162679 2.71654707 2.74590261 8.11662251
 2.5050618  2.50490223 2.49448069 2.36773729 2.61561306 2.61671918
 2.36796244 2.49450169 6.94164471 6.94138775 6.90955118 6.90980526]
	----------------------------------------------------------------------------------------------------
