
	Solution from Scipy SLSQP:
	----------------------------------------------------------------------------------------------------
	Problem                  : lander
	Solver                   : scipy-slsqp
	Success                  : False
	Message                  : Iteration limit reached
	Status                   : 9
	Total time               : 786.2427377700806
	Objective                : 2043729.195969344
	Gradient norm            : 5678.21276143156
	Total function evals     : 321
	Total gradient evals     : 50
	Major iterations         : 50
	Total callbacks          : 743
	Reused callbacks         : 0
	obj callbacks            : 321
	grad callbacks           : 50
	hess callbacks           : 0
	con callbacks            : 322
	jac callbacks            : 50
	Optimal variables        : [243.4947704  317.74270662  86.04821596 184.79238582 128.88930941
 133.22465214 112.25746794  84.66419846 156.52075326 108.91652416
  52.22111786 159.65742044  60.28012144 196.75962104 177.33698915
  89.7929641   14.06436223  13.04942291  88.73288629 282.87794869
  41.79711989  84.91865365  43.70647538 113.28281461  39.13510308
  73.77120348  17.8364223   19.39660124]
	Optimal obj. gradient    : [1847.34610203 2410.65033785  758.52060909 1401.98285599  977.857401
 1174.38395622  851.67494758  642.33033324 1379.74059977  826.32787562
  396.19117227 1407.39052455  445.75328412 1454.97794579 1311.35345156
  663.99183814  104.00170909   96.4965395   656.15288306 2091.79695764
  401.11137534  814.93265682  419.4347481  1087.13293387  398.34682958
  750.89938975  181.55266539  197.43335265]
	----------------------------------------------------------------------------------------------------
