
	Solution from Scipy SLSQP:
	----------------------------------------------------------------------------------------------------
	Problem                  : lander
	Solver                   : scipy-slsqp
	Success                  : True
	Message                  : Optimization terminated successfully
	Status                   : 0
	Total time               : 117.54950380325317
	Objective                : 4.1537881054788235
	Gradient norm            : 8.57617032046124
	Total function evals     : 98
	Total gradient evals     : 48
	Major iterations         : 48
	Total callbacks          : 293
	Reused callbacks         : 0
	obj callbacks            : 98
	grad callbacks           : 48
	hess callbacks           : 0
	con callbacks            : 99
	jac callbacks            : 48
	Optimal variables        : [0.13896255 0.13894465 0.32626304 0.1388359  0.1335716  0.32697343
 0.16877173 0.16877855 0.32866229 0.13355546 0.13881727 0.32667843
 0.12573978 0.12560938 0.12535708 0.12020237 0.12398121 0.1239907
 0.1202332  0.12522263 0.23998593 0.24021119 0.23926647 0.23921105]
	Optimal obj. gradient    : [1.05428102 1.05414522 2.87602985 1.0533202  1.01338098 2.88229203
 1.28043737 1.28048909 2.89717942 1.01325857 1.05317884 2.87969154
 0.92980771 0.92884338 0.92697771 0.88886018 0.91680357 0.91687378
 0.88908815 0.92598355 2.44275928 2.44505214 2.43543599 2.43487191]
	----------------------------------------------------------------------------------------------------
