
	Solution from Scipy SLSQP:
	----------------------------------------------------------------------------------------------------
	Problem                  : lander
	Solver                   : scipy-slsqp
	Success                  : True
	Message                  : Optimization terminated successfully
	Status                   : 0
	Total time               : 0.0
	Objective                : 18.958259479901994
	Gradient norm            : 42.696539002836346
	Total function evals     : 2
	Total gradient evals     : 2
	Major iterations         : 2
	Total callbacks          : 4
	Reused callbacks         : 0
	obj callbacks            : 2
	grad callbacks           : 2
	hess callbacks           : 0
	con callbacks            : 0
	jac callbacks            : 0
	Optimal variables        : [0.1 0.1 0.1 0.1 0.1 0.1 0.1 0.1 0.1 0.1 0.1 0.1 0.1 0.1 0.1 0.1 0.1 0.1
 0.1 0.1 0.1 0.1 0.1 0.1 0.1 0.1 0.1 0.1]
	Optimal obj. gradient    : [ 3.71753196  3.71753196 13.13444672  3.71753196  3.71753196 13.13444672
  3.71753196  3.71753196 13.13444672  3.71753196  3.71753196 13.13444672
  3.62340194  3.62340194  3.62340194  3.62340194  3.62340194  3.62340194
  3.62340194  3.62340194 14.29897445 14.29897445 14.29897445 14.29897445
  4.9875925   4.9875925   4.9875925   4.9875925 ]
	----------------------------------------------------------------------------------------------------
