
	Solution from Scipy SLSQP:
	----------------------------------------------------------------------------------------------------
	Problem                  : lander
	Solver                   : scipy-slsqp
	Success                  : True
	Message                  : Optimization terminated successfully
	Status                   : 0
	Total time               : 169.76820468902588
	Objective                : 13.181969843036304
	Gradient norm            : 15.359887450338357
	Total function evals     : 144
	Total gradient evals     : 67
	Major iterations         : 67
	Total callbacks          : 423
	Reused callbacks         : 0
	obj callbacks            : 144
	grad callbacks           : 67
	hess callbacks           : 0
	con callbacks            : 145
	jac callbacks            : 67
	Optimal variables        : [0.21441656 0.21466002 0.5994609  0.21398361 0.21584711 0.59834959
 0.27451442 0.27486209 0.60353319 0.21590495 0.21387854 0.59821627
 0.19967751 0.19964558 0.19942038 0.18922968 0.21800837 0.21806971
 0.18944778 0.19950799 0.4449357  0.44466337 0.44294558 0.44258695]
	Optimal obj. gradient    : [1.62647377 1.62950749 5.28274998 1.62343905 1.63749986 5.27444481
 2.08280191 2.08596137 5.31889885 1.63809359 1.62295696 5.27390217
 1.47634429 1.47692241 1.47402139 1.39943544 1.6119519  1.6123611
 1.40109971 1.47558664 4.52939427 4.52646485 4.50998379 4.5050031 ]
	----------------------------------------------------------------------------------------------------
